<?xml version="1.0" encoding="UTF-8"?>
<!-- Generated by org.testng.reporters.JUnitReportReporter -->
<testsuite skipped="0" hostname="Shubho" name="tests.ResumeUpdate" tests="1" failures="0" timestamp="03 Apr 2019 22:11:52 GMT" time="110.438" errors="0">
  <testcase name="resumeUpdate" time="110.438" classname="tests.ResumeUpdate"/>
</testsuite> <!-- tests.ResumeUpdate -->
