<?xml version="1.0" encoding="UTF-8"?>
<!-- Generated by org.testng.reporters.JUnitReportReporter -->
<testsuite skipped="0" hostname="Shubho" name="tests.NewTest" tests="1" failures="0" timestamp="03 Apr 2019 22:11:53 GMT" time="83.552" errors="0">
  <testcase name="openMyBlog" time="83.552" classname="tests.NewTest"/>
</testsuite> <!-- tests.NewTest -->
